-- The C compiler identification is GNU 13.3.0
-- The CXX compiler identification is GNU 13.3.0
-- Detecting C compiler ABI info
-- Detecting C compiler ABI info - done
-- Check for working C compiler: /usr/bin/cc - skipped
-- Detecting C compile features
-- Detecting C compile features - done
-- Detecting CXX compiler ABI info
-- Detecting CXX compiler ABI info - done
-- Check for working CXX compiler: /usr/bin/c++ - skipped
-- Detecting CXX compile features
-- Detecting CXX compile features - done
-- Found ament_cmake: 2.5.6 (/opt/ros/jazzy/share/ament_cmake/cmake)
-- Found Python3: /usr/bin/python3 (found version "3.12.3") found components: Interpreter 
-- Found rclcpp: 28.1.18 (/opt/ros/jazzy/share/rclcpp/cmake)
-- Found rosidl_generator_c: 4.6.7 (/opt/ros/jazzy/share/rosidl_generator_c/cmake)
-- Found rosidl_generator_cpp: 4.6.7 (/opt/ros/jazzy/share/rosidl_generator_cpp/cmake)
-- Using all available rosidl_typesupport_c: rosidl_typesupport_fastrtps_c;rosidl_typesupport_introspection_c
-- Using all available rosidl_typesupport_cpp: rosidl_typesupport_fastrtps_cpp;rosidl_typesupport_introspection_cpp
-- Found rmw_implementation_cmake: 7.3.3 (/opt/ros/jazzy/share/rmw_implementation_cmake/cmake)
-- Found rmw_fastrtps_cpp: 8.4.3 (/opt/ros/jazzy/share/rmw_fastrtps_cpp/cmake)
-- Found OpenSSL: /usr/lib/aarch64-linux-gnu/libcrypto.so (found version "3.0.13")  
-- Found FastRTPS: /opt/ros/jazzy/include (Required is at least version "2.13") 
-- Using RMW implementation 'rmw_fastrtps_cpp' as default
-- Found std_msgs: 5.3.7 (/opt/ros/jazzy/share/std_msgs/cmake)
-- Found ament_lint_auto: 0.17.5 (/opt/ros/jazzy/share/ament_lint_auto/cmake)
-- Added test 'cppcheck' to perform static code analysis on C / C++ code
-- Configured cppcheck include dirs: 
-- Configured cppcheck exclude dirs and/or files: 
-- Added test 'flake8' to check Python code syntax and style conventions
-- Configured 'flake8' exclude dirs and/or files: 
-- Added test 'lint_cmake' to check CMake code style
-- Added test 'pep257' to check Python code against some of the docstring style conventions in PEP 257
-- Added test 'uncrustify' to check C / C++ code style
-- Configured uncrustify additional arguments: 
-- Added test 'xmllint' to check XML markup files
-- Configuring done (5.5s)
-- Generating done (0.0s)
-- Build files have been written to: /home/sofiadeck/learning_ros_ws/build/learning_nodes
[ 50%] [32mBuilding CXX object CMakeFiles/talker.dir/src/minimal_publisher.cpp.o[0m
[ 50%] [32mBuilding CXX object CMakeFiles/listener.dir/src/minimal_subscriber.cpp.o[0m
[ 75%] [32m[1mLinking CXX executable talker[0m
[ 75%] Built target talker
[100%] [32m[1mLinking CXX executable listener[0m
[100%] Built target listener
-- Install configuration: ""
-- Installing: /home/sofiadeck/learning_ros_ws/install/learning_nodes/lib/learning_nodes/talker
-- Set non-toolchain portion of runtime path of "/home/sofiadeck/learning_ros_ws/install/learning_nodes/lib/learning_nodes/talker" to ""
-- Installing: /home/sofiadeck/learning_ros_ws/install/learning_nodes/lib/learning_nodes/listener
-- Set non-toolchain portion of runtime path of "/home/sofiadeck/learning_ros_ws/install/learning_nodes/lib/learning_nodes/listener" to ""
-- Installing: /home/sofiadeck/learning_ros_ws/install/learning_nodes/share/ament_index/resource_index/package_run_dependencies/learning_nodes
-- Installing: /home/sofiadeck/learning_ros_ws/install/learning_nodes/share/ament_index/resource_index/parent_prefix_path/learning_nodes
-- Installing: /home/sofiadeck/learning_ros_ws/install/learning_nodes/share/learning_nodes/environment/ament_prefix_path.sh
-- Installing: /home/sofiadeck/learning_ros_ws/install/learning_nodes/share/learning_nodes/environment/ament_prefix_path.dsv
-- Installing: /home/sofiadeck/learning_ros_ws/install/learning_nodes/share/learning_nodes/environment/path.sh
-- Installing: /home/sofiadeck/learning_ros_ws/install/learning_nodes/share/learning_nodes/environment/path.dsv
-- Installing: /home/sofiadeck/learning_ros_ws/install/learning_nodes/share/learning_nodes/local_setup.bash
-- Installing: /home/sofiadeck/learning_ros_ws/install/learning_nodes/share/learning_nodes/local_setup.sh
-- Installing: /home/sofiadeck/learning_ros_ws/install/learning_nodes/share/learning_nodes/local_setup.zsh
-- Installing: /home/sofiadeck/learning_ros_ws/install/learning_nodes/share/learning_nodes/local_setup.dsv
-- Installing: /home/sofiadeck/learning_ros_ws/install/learning_nodes/share/learning_nodes/package.dsv
-- Installing: /home/sofiadeck/learning_ros_ws/install/learning_nodes/share/ament_index/resource_index/packages/learning_nodes
-- Installing: /home/sofiadeck/learning_ros_ws/install/learning_nodes/share/learning_nodes/cmake/learning_nodesConfig.cmake
-- Installing: /home/sofiadeck/learning_ros_ws/install/learning_nodes/share/learning_nodes/cmake/learning_nodesConfig-version.cmake
-- Installing: /home/sofiadeck/learning_ros_ws/install/learning_nodes/share/learning_nodes/package.xml
