[0.041s] Invoking command in '/home/sofiadeck/learning_ros_ws/build/learning_nodes': CMAKE_PREFIX_PATH=/opt/ros/jazzy /usr/bin/cmake /home/sofiadeck/learning_ros_ws/learning_nodes -DCMAKE_INSTALL_PREFIX=/home/sofiadeck/learning_ros_ws/install/learning_nodes
[0.316s] -- The C compiler identification is GNU 13.3.0
[0.598s] -- The CXX compiler identification is GNU 13.3.0
[0.686s] -- Detecting C compiler ABI info
[1.135s] -- Detecting C compiler ABI info - done
[1.169s] -- Check for working C compiler: /usr/bin/cc - skipped
[1.170s] -- Detecting C compile features
[1.172s] -- Detecting C compile features - done
[1.219s] -- Detecting CXX compiler ABI info
[1.697s] -- Detecting CXX compiler ABI info - done
[1.733s] -- Check for working CXX compiler: /usr/bin/c++ - skipped
[1.734s] -- Detecting CXX compile features
[1.736s] -- Detecting CXX compile features - done
[1.756s] -- Found ament_cmake: 2.5.6 (/opt/ros/jazzy/share/ament_cmake/cmake)
[2.413s] -- Found Python3: /usr/bin/python3 (found version "3.12.3") found components: Interpreter 
[2.941s] -- Found rclcpp: 28.1.18 (/opt/ros/jazzy/share/rclcpp/cmake)
[3.168s] -- Found rosidl_generator_c: 4.6.7 (/opt/ros/jazzy/share/rosidl_generator_c/cmake)
[3.243s] -- Found rosidl_generator_cpp: 4.6.7 (/opt/ros/jazzy/share/rosidl_generator_cpp/cmake)
[3.328s] -- Using all available rosidl_typesupport_c: rosidl_typesupport_fastrtps_c;rosidl_typesupport_introspection_c
[3.421s] -- Using all available rosidl_typesupport_cpp: rosidl_typesupport_fastrtps_cpp;rosidl_typesupport_introspection_cpp
[3.812s] -- Found rmw_implementation_cmake: 7.3.3 (/opt/ros/jazzy/share/rmw_implementation_cmake/cmake)
[3.812s] -- Found rmw_fastrtps_cpp: 8.4.3 (/opt/ros/jazzy/share/rmw_fastrtps_cpp/cmake)
[4.208s] -- Found OpenSSL: /usr/lib/aarch64-linux-gnu/libcrypto.so (found version "3.0.13")  
[4.273s] -- Found FastRTPS: /opt/ros/jazzy/include (Required is at least version "2.13") 
[4.362s] -- Using RMW implementation 'rmw_fastrtps_cpp' as default
[4.665s] -- Found std_msgs: 5.3.7 (/opt/ros/jazzy/share/std_msgs/cmake)
[4.726s] -- Found ament_lint_auto: 0.17.5 (/opt/ros/jazzy/share/ament_lint_auto/cmake)
[5.365s] -- Added test 'cppcheck' to perform static code analysis on C / C++ code
[5.365s] -- Configured cppcheck include dirs: 
[5.366s] -- Configured cppcheck exclude dirs and/or files: 
[5.384s] -- Added test 'flake8' to check Python code syntax and style conventions
[5.385s] -- Configured 'flake8' exclude dirs and/or files: 
[5.419s] -- Added test 'lint_cmake' to check CMake code style
[5.438s] -- Added test 'pep257' to check Python code against some of the docstring style conventions in PEP 257
[5.571s] -- Added test 'uncrustify' to check C / C++ code style
[5.571s] -- Configured uncrustify additional arguments: 
[5.589s] -- Added test 'xmllint' to check XML markup files
[5.596s] -- Configuring done (5.5s)
[5.669s] -- Generating done (0.0s)
[5.689s] -- Build files have been written to: /home/sofiadeck/learning_ros_ws/build/learning_nodes
[5.722s] Invoked command in '/home/sofiadeck/learning_ros_ws/build/learning_nodes' returned '0': CMAKE_PREFIX_PATH=/opt/ros/jazzy /usr/bin/cmake /home/sofiadeck/learning_ros_ws/learning_nodes -DCMAKE_INSTALL_PREFIX=/home/sofiadeck/learning_ros_ws/install/learning_nodes
[5.729s] Invoking command in '/home/sofiadeck/learning_ros_ws/build/learning_nodes': CMAKE_PREFIX_PATH=/opt/ros/jazzy /usr/bin/cmake --build /home/sofiadeck/learning_ros_ws/build/learning_nodes -- -j4 -l4
[5.973s] [ 50%] [32mBuilding CXX object CMakeFiles/talker.dir/src/minimal_publisher.cpp.o[0m
[5.974s] [ 50%] [32mBuilding CXX object CMakeFiles/listener.dir/src/minimal_subscriber.cpp.o[0m
[27.377s] [ 75%] [32m[1mLinking CXX executable talker[0m
[28.362s] [ 75%] Built target talker
[38.510s] [100%] [32m[1mLinking CXX executable listener[0m
[39.911s] [100%] Built target listener
[39.961s] Invoked command in '/home/sofiadeck/learning_ros_ws/build/learning_nodes' returned '0': CMAKE_PREFIX_PATH=/opt/ros/jazzy /usr/bin/cmake --build /home/sofiadeck/learning_ros_ws/build/learning_nodes -- -j4 -l4
[40.005s] Invoking command in '/home/sofiadeck/learning_ros_ws/build/learning_nodes': CMAKE_PREFIX_PATH=/opt/ros/jazzy /usr/bin/cmake --install /home/sofiadeck/learning_ros_ws/build/learning_nodes
[40.040s] -- Install configuration: ""
[40.040s] -- Installing: /home/sofiadeck/learning_ros_ws/install/learning_nodes/lib/learning_nodes/talker
[40.050s] -- Set non-toolchain portion of runtime path of "/home/sofiadeck/learning_ros_ws/install/learning_nodes/lib/learning_nodes/talker" to ""
[40.051s] -- Installing: /home/sofiadeck/learning_ros_ws/install/learning_nodes/lib/learning_nodes/listener
[40.081s] -- Set non-toolchain portion of runtime path of "/home/sofiadeck/learning_ros_ws/install/learning_nodes/lib/learning_nodes/listener" to ""
[40.082s] -- Installing: /home/sofiadeck/learning_ros_ws/install/learning_nodes/share/ament_index/resource_index/package_run_dependencies/learning_nodes
[40.084s] -- Installing: /home/sofiadeck/learning_ros_ws/install/learning_nodes/share/ament_index/resource_index/parent_prefix_path/learning_nodes
[40.085s] -- Installing: /home/sofiadeck/learning_ros_ws/install/learning_nodes/share/learning_nodes/environment/ament_prefix_path.sh
[40.086s] -- Installing: /home/sofiadeck/learning_ros_ws/install/learning_nodes/share/learning_nodes/environment/ament_prefix_path.dsv
[40.088s] -- Installing: /home/sofiadeck/learning_ros_ws/install/learning_nodes/share/learning_nodes/environment/path.sh
[40.089s] -- Installing: /home/sofiadeck/learning_ros_ws/install/learning_nodes/share/learning_nodes/environment/path.dsv
[40.090s] -- Installing: /home/sofiadeck/learning_ros_ws/install/learning_nodes/share/learning_nodes/local_setup.bash
[40.091s] -- Installing: /home/sofiadeck/learning_ros_ws/install/learning_nodes/share/learning_nodes/local_setup.sh
[40.092s] -- Installing: /home/sofiadeck/learning_ros_ws/install/learning_nodes/share/learning_nodes/local_setup.zsh
[40.093s] -- Installing: /home/sofiadeck/learning_ros_ws/install/learning_nodes/share/learning_nodes/local_setup.dsv
[40.094s] -- Installing: /home/sofiadeck/learning_ros_ws/install/learning_nodes/share/learning_nodes/package.dsv
[40.096s] -- Installing: /home/sofiadeck/learning_ros_ws/install/learning_nodes/share/ament_index/resource_index/packages/learning_nodes
[40.097s] -- Installing: /home/sofiadeck/learning_ros_ws/install/learning_nodes/share/learning_nodes/cmake/learning_nodesConfig.cmake
[40.099s] -- Installing: /home/sofiadeck/learning_ros_ws/install/learning_nodes/share/learning_nodes/cmake/learning_nodesConfig-version.cmake
[40.100s] -- Installing: /home/sofiadeck/learning_ros_ws/install/learning_nodes/share/learning_nodes/package.xml
[40.107s] Invoked command in '/home/sofiadeck/learning_ros_ws/build/learning_nodes' returned '0': CMAKE_PREFIX_PATH=/opt/ros/jazzy /usr/bin/cmake --install /home/sofiadeck/learning_ros_ws/build/learning_nodes
