[0.438s] DEBUG:colcon:Command line arguments: ['/usr/bin/colcon', 'build']
[0.439s] DEBUG:colcon:Parsed command line arguments: Namespace(log_base=None, log_level=None, verb_name='build', build_base='build', install_base='install', merge_install=False, symlink_install=False, test_result_base=None, continue_on_error=False, executor='parallel', parallel_workers=4, event_handlers=None, ignore_user_meta=False, metas=['./colcon.meta'], base_paths=['.'], packages_ignore=None, packages_ignore_regex=None, paths=None, packages_up_to=None, packages_up_to_regex=None, packages_above=None, packages_above_and_dependencies=None, packages_above_depth=None, packages_select_by_dep=None, packages_skip_by_dep=None, packages_skip_up_to=None, packages_select_build_failed=False, packages_skip_build_finished=False, packages_select_test_failures=False, packages_skip_test_passed=False, packages_select=None, packages_skip=None, packages_select_regex=None, packages_skip_regex=None, packages_start=None, packages_end=None, allow_overriding=[], cmake_args=None, cmake_target=None, cmake_target_skip_unavailable=False, cmake_clean_cache=False, cmake_clean_first=False, cmake_force_configure=False, ament_cmake_args=None, catkin_cmake_args=None, catkin_skip_building_tests=False, mixin_files=None, mixin=None, verb_parser=<colcon_mixin.mixin.mixin_argument.MixinArgumentDecorator object at 0xffff9952f470>, verb_extension=<colcon_core.verb.build.BuildVerb object at 0xffff996e3c80>, main=<bound method BuildVerb.main of <colcon_core.verb.build.BuildVerb object at 0xffff996e3c80>>, mixin_verb=('build',))
[0.607s] Level 1:colcon.colcon_core.package_discovery:discover_packages(colcon_meta) check parameters
[0.607s] Level 1:colcon.colcon_core.package_discovery:discover_packages(recursive) check parameters
[0.608s] Level 1:colcon.colcon_core.package_discovery:discover_packages(ignore) check parameters
[0.608s] Level 1:colcon.colcon_core.package_discovery:discover_packages(path) check parameters
[0.608s] Level 1:colcon.colcon_core.package_discovery:discover_packages(colcon_meta) discover
[0.608s] Level 1:colcon.colcon_core.package_discovery:discover_packages(recursive) discover
[0.608s] INFO:colcon.colcon_core.package_discovery:Crawling recursively for packages in '/home/sofiadeck/learning_ros_ws'
[0.609s] Level 1:colcon.colcon_core.package_identification:_identify(.) by extensions ['ignore', 'ignore_ament_install']
[0.609s] Level 1:colcon.colcon_core.package_identification:_identify(.) by extension 'ignore'
[0.609s] Level 1:colcon.colcon_core.package_identification:_identify(.) by extension 'ignore_ament_install'
[0.609s] Level 1:colcon.colcon_core.package_identification:_identify(.) by extensions ['colcon_pkg']
[0.610s] Level 1:colcon.colcon_core.package_identification:_identify(.) by extension 'colcon_pkg'
[0.610s] Level 1:colcon.colcon_core.package_identification:_identify(.) by extensions ['colcon_meta']
[0.610s] Level 1:colcon.colcon_core.package_identification:_identify(.) by extension 'colcon_meta'
[0.610s] Level 1:colcon.colcon_core.package_identification:_identify(.) by extensions ['ros']
[0.610s] Level 1:colcon.colcon_core.package_identification:_identify(.) by extension 'ros'
[0.714s] Level 1:colcon.colcon_core.package_identification:_identify(.) by extensions ['cmake', 'python']
[0.714s] Level 1:colcon.colcon_core.package_identification:_identify(.) by extension 'cmake'
[0.715s] Level 1:colcon.colcon_core.package_identification:_identify(.) by extension 'python'
[0.715s] Level 1:colcon.colcon_core.package_identification:_identify(.) by extensions ['python_setup_py']
[0.715s] Level 1:colcon.colcon_core.package_identification:_identify(.) by extension 'python_setup_py'
[0.715s] Level 1:colcon.colcon_core.package_identification:_identify(build) by extensions ['ignore', 'ignore_ament_install']
[0.716s] Level 1:colcon.colcon_core.package_identification:_identify(build) by extension 'ignore'
[0.716s] Level 1:colcon.colcon_core.package_identification:_identify(build) ignored
[0.716s] Level 1:colcon.colcon_core.package_identification:_identify(install) by extensions ['ignore', 'ignore_ament_install']
[0.717s] Level 1:colcon.colcon_core.package_identification:_identify(install) by extension 'ignore'
[0.717s] Level 1:colcon.colcon_core.package_identification:_identify(install) ignored
[0.717s] Level 1:colcon.colcon_core.package_identification:_identify(learning_nodes) by extensions ['ignore', 'ignore_ament_install']
[0.717s] Level 1:colcon.colcon_core.package_identification:_identify(learning_nodes) by extension 'ignore'
[0.718s] Level 1:colcon.colcon_core.package_identification:_identify(learning_nodes) by extension 'ignore_ament_install'
[0.718s] Level 1:colcon.colcon_core.package_identification:_identify(learning_nodes) by extensions ['colcon_pkg']
[0.718s] Level 1:colcon.colcon_core.package_identification:_identify(learning_nodes) by extension 'colcon_pkg'
[0.718s] Level 1:colcon.colcon_core.package_identification:_identify(learning_nodes) by extensions ['colcon_meta']
[0.718s] Level 1:colcon.colcon_core.package_identification:_identify(learning_nodes) by extension 'colcon_meta'
[0.719s] Level 1:colcon.colcon_core.package_identification:_identify(learning_nodes) by extensions ['ros']
[0.719s] Level 1:colcon.colcon_core.package_identification:_identify(learning_nodes) by extension 'ros'
[0.728s] DEBUG:colcon.colcon_core.package_identification:Package 'learning_nodes' with type 'ros.ament_cmake' and name 'learning_nodes'
[0.729s] Level 1:colcon.colcon_core.package_identification:_identify(log) by extensions ['ignore', 'ignore_ament_install']
[0.729s] Level 1:colcon.colcon_core.package_identification:_identify(log) by extension 'ignore'
[0.729s] Level 1:colcon.colcon_core.package_identification:_identify(log) ignored
[0.730s] Level 1:colcon.colcon_core.package_discovery:discover_packages(recursive) using defaults
[0.730s] Level 1:colcon.colcon_core.package_discovery:discover_packages(ignore) discover
[0.730s] Level 1:colcon.colcon_core.package_discovery:discover_packages(ignore) using defaults
[0.730s] Level 1:colcon.colcon_core.package_discovery:discover_packages(path) discover
[0.730s] Level 1:colcon.colcon_core.package_discovery:discover_packages(path) using defaults
[0.797s] Level 1:colcon.colcon_core.package_discovery:discover_packages(prefix_path) check parameters
[0.797s] Level 1:colcon.colcon_core.package_discovery:discover_packages(prefix_path) discover
[0.809s] DEBUG:colcon.colcon_installed_package_information.package_discovery:Found 197 installed packages in /opt/ros/jazzy
[0.812s] Level 1:colcon.colcon_core.package_discovery:discover_packages(prefix_path) using defaults
[0.947s] Level 5:colcon.colcon_core.verb:set package 'learning_nodes' build argument 'cmake_args' from command line to 'None'
[0.947s] Level 5:colcon.colcon_core.verb:set package 'learning_nodes' build argument 'cmake_target' from command line to 'None'
[0.947s] Level 5:colcon.colcon_core.verb:set package 'learning_nodes' build argument 'cmake_target_skip_unavailable' from command line to 'False'
[0.948s] Level 5:colcon.colcon_core.verb:set package 'learning_nodes' build argument 'cmake_clean_cache' from command line to 'False'
[0.948s] Level 5:colcon.colcon_core.verb:set package 'learning_nodes' build argument 'cmake_clean_first' from command line to 'False'
[0.948s] Level 5:colcon.colcon_core.verb:set package 'learning_nodes' build argument 'cmake_force_configure' from command line to 'False'
[0.948s] Level 5:colcon.colcon_core.verb:set package 'learning_nodes' build argument 'ament_cmake_args' from command line to 'None'
[0.948s] Level 5:colcon.colcon_core.verb:set package 'learning_nodes' build argument 'catkin_cmake_args' from command line to 'None'
[0.948s] Level 5:colcon.colcon_core.verb:set package 'learning_nodes' build argument 'catkin_skip_building_tests' from command line to 'False'
[0.948s] DEBUG:colcon.colcon_core.verb:Building package 'learning_nodes' with the following arguments: {'ament_cmake_args': None, 'build_base': '/home/sofiadeck/learning_ros_ws/build/learning_nodes', 'catkin_cmake_args': None, 'catkin_skip_building_tests': False, 'cmake_args': None, 'cmake_clean_cache': False, 'cmake_clean_first': False, 'cmake_force_configure': False, 'cmake_target': None, 'cmake_target_skip_unavailable': False, 'install_base': '/home/sofiadeck/learning_ros_ws/install/learning_nodes', 'merge_install': False, 'path': '/home/sofiadeck/learning_ros_ws/learning_nodes', 'symlink_install': False, 'test_result_base': None}
[0.949s] INFO:colcon.colcon_core.executor:Executing jobs using 'parallel' executor
[0.951s] DEBUG:colcon.colcon_parallel_executor.executor.parallel:run_until_complete
[0.952s] INFO:colcon.colcon_ros.task.ament_cmake.build:Building ROS package in '/home/sofiadeck/learning_ros_ws/learning_nodes' with build type 'ament_cmake'
[0.953s] INFO:colcon.colcon_cmake.task.cmake.build:Building CMake package in '/home/sofiadeck/learning_ros_ws/learning_nodes'
[0.961s] INFO:colcon.colcon_core.plugin_system:Skipping extension 'colcon_core.shell.bat': Not used on non-Windows systems
[0.961s] INFO:colcon.colcon_core.shell:Skip shell extension 'powershell' for command environment: Not usable outside of PowerShell
[0.962s] DEBUG:colcon.colcon_core.shell:Skip shell extension 'dsv' for command environment
[0.994s] DEBUG:colcon.colcon_core.event_handler.log_command:Invoking command in '/home/sofiadeck/learning_ros_ws/build/learning_nodes': CMAKE_PREFIX_PATH=/opt/ros/jazzy /usr/bin/cmake /home/sofiadeck/learning_ros_ws/learning_nodes -DCMAKE_INSTALL_PREFIX=/home/sofiadeck/learning_ros_ws/install/learning_nodes
[6.675s] DEBUG:colcon.colcon_core.event_handler.log_command:Invoked command in '/home/sofiadeck/learning_ros_ws/build/learning_nodes' returned '0': CMAKE_PREFIX_PATH=/opt/ros/jazzy /usr/bin/cmake /home/sofiadeck/learning_ros_ws/learning_nodes -DCMAKE_INSTALL_PREFIX=/home/sofiadeck/learning_ros_ws/install/learning_nodes
[6.682s] DEBUG:colcon.colcon_core.event_handler.log_command:Invoking command in '/home/sofiadeck/learning_ros_ws/build/learning_nodes': CMAKE_PREFIX_PATH=/opt/ros/jazzy /usr/bin/cmake --build /home/sofiadeck/learning_ros_ws/build/learning_nodes -- -j4 -l4
[40.914s] DEBUG:colcon.colcon_core.event_handler.log_command:Invoked command in '/home/sofiadeck/learning_ros_ws/build/learning_nodes' returned '0': CMAKE_PREFIX_PATH=/opt/ros/jazzy /usr/bin/cmake --build /home/sofiadeck/learning_ros_ws/build/learning_nodes -- -j4 -l4
[40.958s] DEBUG:colcon.colcon_core.event_handler.log_command:Invoking command in '/home/sofiadeck/learning_ros_ws/build/learning_nodes': CMAKE_PREFIX_PATH=/opt/ros/jazzy /usr/bin/cmake --install /home/sofiadeck/learning_ros_ws/build/learning_nodes
[41.059s] Level 1:colcon.colcon_core.environment:create_environment_scripts_only(learning_nodes)
[41.060s] DEBUG:colcon.colcon_core.event_handler.log_command:Invoked command in '/home/sofiadeck/learning_ros_ws/build/learning_nodes' returned '0': CMAKE_PREFIX_PATH=/opt/ros/jazzy /usr/bin/cmake --install /home/sofiadeck/learning_ros_ws/build/learning_nodes
[41.070s] Level 1:colcon.colcon_core.environment:checking '/home/sofiadeck/learning_ros_ws/install/learning_nodes' for CMake module files
[41.074s] Level 1:colcon.colcon_core.environment:checking '/home/sofiadeck/learning_ros_ws/install/learning_nodes' for CMake config files
[41.076s] Level 1:colcon.colcon_core.shell:create_environment_hook('learning_nodes', 'cmake_prefix_path')
[41.077s] INFO:colcon.colcon_core.shell:Creating environment hook '/home/sofiadeck/learning_ros_ws/install/learning_nodes/share/learning_nodes/hook/cmake_prefix_path.ps1'
[41.079s] INFO:colcon.colcon_core.shell:Creating environment descriptor '/home/sofiadeck/learning_ros_ws/install/learning_nodes/share/learning_nodes/hook/cmake_prefix_path.dsv'
[41.080s] INFO:colcon.colcon_core.shell:Creating environment hook '/home/sofiadeck/learning_ros_ws/install/learning_nodes/share/learning_nodes/hook/cmake_prefix_path.sh'
[41.083s] Level 1:colcon.colcon_core.environment:checking '/home/sofiadeck/learning_ros_ws/install/learning_nodes/lib'
[41.084s] Level 1:colcon.colcon_core.environment:checking '/home/sofiadeck/learning_ros_ws/install/learning_nodes/bin'
[41.084s] Level 1:colcon.colcon_core.environment:checking '/home/sofiadeck/learning_ros_ws/install/learning_nodes/lib/pkgconfig/learning_nodes.pc'
[41.085s] Level 1:colcon.colcon_core.environment:checking '/home/sofiadeck/learning_ros_ws/install/learning_nodes/lib/python3.12/site-packages'
[41.086s] Level 1:colcon.colcon_core.environment:checking '/home/sofiadeck/learning_ros_ws/install/learning_nodes/bin'
[41.087s] INFO:colcon.colcon_core.shell:Creating package script '/home/sofiadeck/learning_ros_ws/install/learning_nodes/share/learning_nodes/package.ps1'
[41.091s] INFO:colcon.colcon_core.shell:Creating package descriptor '/home/sofiadeck/learning_ros_ws/install/learning_nodes/share/learning_nodes/package.dsv'
[41.093s] INFO:colcon.colcon_core.shell:Creating package script '/home/sofiadeck/learning_ros_ws/install/learning_nodes/share/learning_nodes/package.sh'
[41.095s] INFO:colcon.colcon_core.shell:Creating package script '/home/sofiadeck/learning_ros_ws/install/learning_nodes/share/learning_nodes/package.bash'
[41.097s] INFO:colcon.colcon_core.shell:Creating package script '/home/sofiadeck/learning_ros_ws/install/learning_nodes/share/learning_nodes/package.zsh'
[41.100s] Level 1:colcon.colcon_core.environment:create_file_with_runtime_dependencies(/home/sofiadeck/learning_ros_ws/install/learning_nodes/share/colcon-core/packages/learning_nodes)
[41.102s] Level 1:colcon.colcon_core.environment:create_environment_scripts_only(learning_nodes)
[41.102s] Level 1:colcon.colcon_core.environment:checking '/home/sofiadeck/learning_ros_ws/install/learning_nodes' for CMake module files
[41.106s] Level 1:colcon.colcon_core.environment:checking '/home/sofiadeck/learning_ros_ws/install/learning_nodes' for CMake config files
[41.108s] Level 1:colcon.colcon_core.shell:create_environment_hook('learning_nodes', 'cmake_prefix_path')
[41.108s] INFO:colcon.colcon_core.shell:Creating environment hook '/home/sofiadeck/learning_ros_ws/install/learning_nodes/share/learning_nodes/hook/cmake_prefix_path.ps1'
[41.110s] INFO:colcon.colcon_core.shell:Creating environment descriptor '/home/sofiadeck/learning_ros_ws/install/learning_nodes/share/learning_nodes/hook/cmake_prefix_path.dsv'
[41.112s] INFO:colcon.colcon_core.shell:Creating environment hook '/home/sofiadeck/learning_ros_ws/install/learning_nodes/share/learning_nodes/hook/cmake_prefix_path.sh'
[41.114s] Level 1:colcon.colcon_core.environment:checking '/home/sofiadeck/learning_ros_ws/install/learning_nodes/lib'
[41.115s] Level 1:colcon.colcon_core.environment:checking '/home/sofiadeck/learning_ros_ws/install/learning_nodes/bin'
[41.115s] Level 1:colcon.colcon_core.environment:checking '/home/sofiadeck/learning_ros_ws/install/learning_nodes/lib/pkgconfig/learning_nodes.pc'
[41.116s] Level 1:colcon.colcon_core.environment:checking '/home/sofiadeck/learning_ros_ws/install/learning_nodes/lib/python3.12/site-packages'
[41.117s] Level 1:colcon.colcon_core.environment:checking '/home/sofiadeck/learning_ros_ws/install/learning_nodes/bin'
[41.118s] INFO:colcon.colcon_core.shell:Creating package script '/home/sofiadeck/learning_ros_ws/install/learning_nodes/share/learning_nodes/package.ps1'
[41.120s] INFO:colcon.colcon_core.shell:Creating package descriptor '/home/sofiadeck/learning_ros_ws/install/learning_nodes/share/learning_nodes/package.dsv'
[41.123s] INFO:colcon.colcon_core.shell:Creating package script '/home/sofiadeck/learning_ros_ws/install/learning_nodes/share/learning_nodes/package.sh'
[41.124s] INFO:colcon.colcon_core.shell:Creating package script '/home/sofiadeck/learning_ros_ws/install/learning_nodes/share/learning_nodes/package.bash'
[41.126s] INFO:colcon.colcon_core.shell:Creating package script '/home/sofiadeck/learning_ros_ws/install/learning_nodes/share/learning_nodes/package.zsh'
[41.129s] Level 1:colcon.colcon_core.environment:create_file_with_runtime_dependencies(/home/sofiadeck/learning_ros_ws/install/learning_nodes/share/colcon-core/packages/learning_nodes)
[41.130s] DEBUG:colcon.colcon_parallel_executor.executor.parallel:closing loop
[41.131s] DEBUG:colcon.colcon_parallel_executor.executor.parallel:loop closed
[41.132s] DEBUG:colcon.colcon_parallel_executor.executor.parallel:run_until_complete finished with '0'
[41.132s] DEBUG:colcon.colcon_core.event_reactor:joining thread
[41.133s] DEBUG:colcon.colcon_core.event_reactor:joined thread
[41.134s] INFO:colcon.colcon_core.shell:Creating prefix script '/home/sofiadeck/learning_ros_ws/install/local_setup.ps1'
[41.137s] INFO:colcon.colcon_core.shell:Creating prefix util module '/home/sofiadeck/learning_ros_ws/install/_local_setup_util_ps1.py'
[41.142s] INFO:colcon.colcon_core.shell:Creating prefix chain script '/home/sofiadeck/learning_ros_ws/install/setup.ps1'
[41.146s] INFO:colcon.colcon_core.shell:Creating prefix script '/home/sofiadeck/learning_ros_ws/install/local_setup.sh'
[41.149s] INFO:colcon.colcon_core.shell:Creating prefix util module '/home/sofiadeck/learning_ros_ws/install/_local_setup_util_sh.py'
[41.152s] INFO:colcon.colcon_core.shell:Creating prefix chain script '/home/sofiadeck/learning_ros_ws/install/setup.sh'
[41.155s] INFO:colcon.colcon_core.shell:Creating prefix script '/home/sofiadeck/learning_ros_ws/install/local_setup.bash'
[41.156s] INFO:colcon.colcon_core.shell:Creating prefix chain script '/home/sofiadeck/learning_ros_ws/install/setup.bash'
[41.159s] INFO:colcon.colcon_core.shell:Creating prefix script '/home/sofiadeck/learning_ros_ws/install/local_setup.zsh'
[41.161s] INFO:colcon.colcon_core.shell:Creating prefix chain script '/home/sofiadeck/learning_ros_ws/install/setup.zsh'
