[0.755s] DEBUG:colcon:Command line arguments: ['/usr/bin/colcon', 'build', '--packages-select', 'learning_nodes']
[0.755s] DEBUG:colcon:Parsed command line arguments: Namespace(log_base=None, log_level=None, verb_name='build', build_base='build', install_base='install', merge_install=False, symlink_install=False, test_result_base=None, continue_on_error=False, executor='parallel', parallel_workers=4, event_handlers=None, ignore_user_meta=False, metas=['./colcon.meta'], base_paths=['.'], packages_ignore=None, packages_ignore_regex=None, paths=None, packages_up_to=None, packages_up_to_regex=None, packages_above=None, packages_above_and_dependencies=None, packages_above_depth=None, packages_select_by_dep=None, packages_skip_by_dep=None, packages_skip_up_to=None, packages_select_build_failed=False, packages_skip_build_finished=False, packages_select_test_failures=False, packages_skip_test_passed=False, packages_select=['learning_nodes'], packages_skip=None, packages_select_regex=None, packages_skip_regex=None, packages_start=None, packages_end=None, allow_overriding=[], cmake_args=None, cmake_target=None, cmake_target_skip_unavailable=False, cmake_clean_cache=False, cmake_clean_first=False, cmake_force_configure=False, ament_cmake_args=None, catkin_cmake_args=None, catkin_skip_building_tests=False, mixin_files=None, mixin=None, verb_parser=<colcon_mixin.mixin.mixin_argument.MixinArgumentDecorator object at 0xffffaa3c72f0>, verb_extension=<colcon_core.verb.build.BuildVerb object at 0xffffaa57bc20>, main=<bound method BuildVerb.main of <colcon_core.verb.build.BuildVerb object at 0xffffaa57bc20>>, mixin_verb=('build',))
[1.064s] Level 1:colcon.colcon_core.package_discovery:discover_packages(colcon_meta) check parameters
[1.065s] Level 1:colcon.colcon_core.package_discovery:discover_packages(recursive) check parameters
[1.065s] Level 1:colcon.colcon_core.package_discovery:discover_packages(ignore) check parameters
[1.065s] Level 1:colcon.colcon_core.package_discovery:discover_packages(path) check parameters
[1.065s] Level 1:colcon.colcon_core.package_discovery:discover_packages(colcon_meta) discover
[1.065s] Level 1:colcon.colcon_core.package_discovery:discover_packages(recursive) discover
[1.065s] INFO:colcon.colcon_core.package_discovery:Crawling recursively for packages in '/home/sofiadeck/learning_ros_ws/learning_nodes'
[1.066s] Level 1:colcon.colcon_core.package_identification:_identify(.) by extensions ['ignore', 'ignore_ament_install']
[1.067s] Level 1:colcon.colcon_core.package_identification:_identify(.) by extension 'ignore'
[1.067s] Level 1:colcon.colcon_core.package_identification:_identify(.) by extension 'ignore_ament_install'
[1.067s] Level 1:colcon.colcon_core.package_identification:_identify(.) by extensions ['colcon_pkg']
[1.067s] Level 1:colcon.colcon_core.package_identification:_identify(.) by extension 'colcon_pkg'
[1.067s] Level 1:colcon.colcon_core.package_identification:_identify(.) by extensions ['colcon_meta']
[1.068s] Level 1:colcon.colcon_core.package_identification:_identify(.) by extension 'colcon_meta'
[1.068s] Level 1:colcon.colcon_core.package_identification:_identify(.) by extensions ['ros']
[1.068s] Level 1:colcon.colcon_core.package_identification:_identify(.) by extension 'ros'
[1.187s] DEBUG:colcon.colcon_core.package_identification:Package '.' with type 'ros.ament_cmake' and name 'learning_nodes'
[1.187s] Level 1:colcon.colcon_core.package_discovery:discover_packages(recursive) using defaults
[1.188s] Level 1:colcon.colcon_core.package_discovery:discover_packages(ignore) discover
[1.188s] Level 1:colcon.colcon_core.package_discovery:discover_packages(ignore) using defaults
[1.188s] Level 1:colcon.colcon_core.package_discovery:discover_packages(path) discover
[1.188s] Level 1:colcon.colcon_core.package_discovery:discover_packages(path) using defaults
[1.298s] Level 1:colcon.colcon_core.package_discovery:discover_packages(prefix_path) check parameters
[1.298s] Level 1:colcon.colcon_core.package_discovery:discover_packages(prefix_path) discover
[1.321s] DEBUG:colcon.colcon_installed_package_information.package_discovery:Found 197 installed packages in /opt/ros/jazzy
[1.324s] Level 1:colcon.colcon_core.package_discovery:discover_packages(prefix_path) using defaults
[1.466s] Level 5:colcon.colcon_core.verb:set package 'learning_nodes' build argument 'cmake_args' from command line to 'None'
[1.466s] Level 5:colcon.colcon_core.verb:set package 'learning_nodes' build argument 'cmake_target' from command line to 'None'
[1.466s] Level 5:colcon.colcon_core.verb:set package 'learning_nodes' build argument 'cmake_target_skip_unavailable' from command line to 'False'
[1.466s] Level 5:colcon.colcon_core.verb:set package 'learning_nodes' build argument 'cmake_clean_cache' from command line to 'False'
[1.466s] Level 5:colcon.colcon_core.verb:set package 'learning_nodes' build argument 'cmake_clean_first' from command line to 'False'
[1.467s] Level 5:colcon.colcon_core.verb:set package 'learning_nodes' build argument 'cmake_force_configure' from command line to 'False'
[1.467s] Level 5:colcon.colcon_core.verb:set package 'learning_nodes' build argument 'ament_cmake_args' from command line to 'None'
[1.467s] Level 5:colcon.colcon_core.verb:set package 'learning_nodes' build argument 'catkin_cmake_args' from command line to 'None'
[1.467s] Level 5:colcon.colcon_core.verb:set package 'learning_nodes' build argument 'catkin_skip_building_tests' from command line to 'False'
[1.467s] DEBUG:colcon.colcon_core.verb:Building package 'learning_nodes' with the following arguments: {'ament_cmake_args': None, 'build_base': '/home/sofiadeck/learning_ros_ws/learning_nodes/build/learning_nodes', 'catkin_cmake_args': None, 'catkin_skip_building_tests': False, 'cmake_args': None, 'cmake_clean_cache': False, 'cmake_clean_first': False, 'cmake_force_configure': False, 'cmake_target': None, 'cmake_target_skip_unavailable': False, 'install_base': '/home/sofiadeck/learning_ros_ws/learning_nodes/install/learning_nodes', 'merge_install': False, 'path': '/home/sofiadeck/learning_ros_ws/learning_nodes', 'symlink_install': False, 'test_result_base': None}
[1.467s] INFO:colcon.colcon_core.executor:Executing jobs using 'parallel' executor
[1.470s] DEBUG:colcon.colcon_parallel_executor.executor.parallel:run_until_complete
[1.471s] INFO:colcon.colcon_ros.task.ament_cmake.build:Building ROS package in '/home/sofiadeck/learning_ros_ws/learning_nodes' with build type 'ament_cmake'
[1.472s] INFO:colcon.colcon_cmake.task.cmake.build:Building CMake package in '/home/sofiadeck/learning_ros_ws/learning_nodes'
[1.494s] INFO:colcon.colcon_core.plugin_system:Skipping extension 'colcon_core.shell.bat': Not used on non-Windows systems
[1.495s] INFO:colcon.colcon_core.shell:Skip shell extension 'powershell' for command environment: Not usable outside of PowerShell
[1.495s] DEBUG:colcon.colcon_core.shell:Skip shell extension 'dsv' for command environment
[1.533s] DEBUG:colcon.colcon_core.event_handler.log_command:Invoking command in '/home/sofiadeck/learning_ros_ws/learning_nodes/build/learning_nodes': CMAKE_PREFIX_PATH=/opt/ros/jazzy /usr/bin/cmake /home/sofiadeck/learning_ros_ws/learning_nodes -DCMAKE_INSTALL_PREFIX=/home/sofiadeck/learning_ros_ws/learning_nodes/install/learning_nodes
[9.664s] DEBUG:colcon.colcon_core.event_handler.log_command:Invoked command in '/home/sofiadeck/learning_ros_ws/learning_nodes/build/learning_nodes' returned '0': CMAKE_PREFIX_PATH=/opt/ros/jazzy /usr/bin/cmake /home/sofiadeck/learning_ros_ws/learning_nodes -DCMAKE_INSTALL_PREFIX=/home/sofiadeck/learning_ros_ws/learning_nodes/install/learning_nodes
[9.670s] DEBUG:colcon.colcon_core.event_handler.log_command:Invoking command in '/home/sofiadeck/learning_ros_ws/learning_nodes/build/learning_nodes': CMAKE_PREFIX_PATH=/opt/ros/jazzy /usr/bin/cmake --build /home/sofiadeck/learning_ros_ws/learning_nodes/build/learning_nodes -- -j4 -l4
[45.159s] DEBUG:colcon.colcon_core.event_handler.log_command:Invoked command in '/home/sofiadeck/learning_ros_ws/learning_nodes/build/learning_nodes' returned '0': CMAKE_PREFIX_PATH=/opt/ros/jazzy /usr/bin/cmake --build /home/sofiadeck/learning_ros_ws/learning_nodes/build/learning_nodes -- -j4 -l4
[45.203s] DEBUG:colcon.colcon_core.event_handler.log_command:Invoking command in '/home/sofiadeck/learning_ros_ws/learning_nodes/build/learning_nodes': CMAKE_PREFIX_PATH=/opt/ros/jazzy /usr/bin/cmake --install /home/sofiadeck/learning_ros_ws/learning_nodes/build/learning_nodes
[45.306s] Level 1:colcon.colcon_core.environment:create_environment_scripts_only(learning_nodes)
[45.307s] DEBUG:colcon.colcon_core.event_handler.log_command:Invoked command in '/home/sofiadeck/learning_ros_ws/learning_nodes/build/learning_nodes' returned '0': CMAKE_PREFIX_PATH=/opt/ros/jazzy /usr/bin/cmake --install /home/sofiadeck/learning_ros_ws/learning_nodes/build/learning_nodes
[45.336s] Level 1:colcon.colcon_core.environment:checking '/home/sofiadeck/learning_ros_ws/learning_nodes/install/learning_nodes' for CMake module files
[45.340s] Level 1:colcon.colcon_core.environment:checking '/home/sofiadeck/learning_ros_ws/learning_nodes/install/learning_nodes' for CMake config files
[45.342s] Level 1:colcon.colcon_core.shell:create_environment_hook('learning_nodes', 'cmake_prefix_path')
[45.343s] INFO:colcon.colcon_core.shell:Creating environment hook '/home/sofiadeck/learning_ros_ws/learning_nodes/install/learning_nodes/share/learning_nodes/hook/cmake_prefix_path.ps1'
[45.347s] INFO:colcon.colcon_core.shell:Creating environment descriptor '/home/sofiadeck/learning_ros_ws/learning_nodes/install/learning_nodes/share/learning_nodes/hook/cmake_prefix_path.dsv'
[45.350s] INFO:colcon.colcon_core.shell:Creating environment hook '/home/sofiadeck/learning_ros_ws/learning_nodes/install/learning_nodes/share/learning_nodes/hook/cmake_prefix_path.sh'
[45.354s] Level 1:colcon.colcon_core.environment:checking '/home/sofiadeck/learning_ros_ws/learning_nodes/install/learning_nodes/lib'
[45.355s] Level 1:colcon.colcon_core.environment:checking '/home/sofiadeck/learning_ros_ws/learning_nodes/install/learning_nodes/bin'
[45.355s] Level 1:colcon.colcon_core.environment:checking '/home/sofiadeck/learning_ros_ws/learning_nodes/install/learning_nodes/lib/pkgconfig/learning_nodes.pc'
[45.356s] Level 1:colcon.colcon_core.environment:checking '/home/sofiadeck/learning_ros_ws/learning_nodes/install/learning_nodes/lib/python3.12/site-packages'
[45.358s] Level 1:colcon.colcon_core.environment:checking '/home/sofiadeck/learning_ros_ws/learning_nodes/install/learning_nodes/bin'
[45.358s] INFO:colcon.colcon_core.shell:Creating package script '/home/sofiadeck/learning_ros_ws/learning_nodes/install/learning_nodes/share/learning_nodes/package.ps1'
[45.363s] INFO:colcon.colcon_core.shell:Creating package descriptor '/home/sofiadeck/learning_ros_ws/learning_nodes/install/learning_nodes/share/learning_nodes/package.dsv'
[45.366s] INFO:colcon.colcon_core.shell:Creating package script '/home/sofiadeck/learning_ros_ws/learning_nodes/install/learning_nodes/share/learning_nodes/package.sh'
[45.372s] INFO:colcon.colcon_core.shell:Creating package script '/home/sofiadeck/learning_ros_ws/learning_nodes/install/learning_nodes/share/learning_nodes/package.bash'
[45.376s] INFO:colcon.colcon_core.shell:Creating package script '/home/sofiadeck/learning_ros_ws/learning_nodes/install/learning_nodes/share/learning_nodes/package.zsh'
[45.381s] Level 1:colcon.colcon_core.environment:create_file_with_runtime_dependencies(/home/sofiadeck/learning_ros_ws/learning_nodes/install/learning_nodes/share/colcon-core/packages/learning_nodes)
[45.384s] Level 1:colcon.colcon_core.environment:create_environment_scripts_only(learning_nodes)
[45.384s] Level 1:colcon.colcon_core.environment:checking '/home/sofiadeck/learning_ros_ws/learning_nodes/install/learning_nodes' for CMake module files
[45.388s] Level 1:colcon.colcon_core.environment:checking '/home/sofiadeck/learning_ros_ws/learning_nodes/install/learning_nodes' for CMake config files
[45.391s] Level 1:colcon.colcon_core.shell:create_environment_hook('learning_nodes', 'cmake_prefix_path')
[45.391s] INFO:colcon.colcon_core.shell:Creating environment hook '/home/sofiadeck/learning_ros_ws/learning_nodes/install/learning_nodes/share/learning_nodes/hook/cmake_prefix_path.ps1'
[45.393s] INFO:colcon.colcon_core.shell:Creating environment descriptor '/home/sofiadeck/learning_ros_ws/learning_nodes/install/learning_nodes/share/learning_nodes/hook/cmake_prefix_path.dsv'
[45.395s] INFO:colcon.colcon_core.shell:Creating environment hook '/home/sofiadeck/learning_ros_ws/learning_nodes/install/learning_nodes/share/learning_nodes/hook/cmake_prefix_path.sh'
[45.397s] Level 1:colcon.colcon_core.environment:checking '/home/sofiadeck/learning_ros_ws/learning_nodes/install/learning_nodes/lib'
[45.398s] Level 1:colcon.colcon_core.environment:checking '/home/sofiadeck/learning_ros_ws/learning_nodes/install/learning_nodes/bin'
[45.398s] Level 1:colcon.colcon_core.environment:checking '/home/sofiadeck/learning_ros_ws/learning_nodes/install/learning_nodes/lib/pkgconfig/learning_nodes.pc'
[45.399s] Level 1:colcon.colcon_core.environment:checking '/home/sofiadeck/learning_ros_ws/learning_nodes/install/learning_nodes/lib/python3.12/site-packages'
[45.400s] Level 1:colcon.colcon_core.environment:checking '/home/sofiadeck/learning_ros_ws/learning_nodes/install/learning_nodes/bin'
[45.401s] INFO:colcon.colcon_core.shell:Creating package script '/home/sofiadeck/learning_ros_ws/learning_nodes/install/learning_nodes/share/learning_nodes/package.ps1'
[45.404s] INFO:colcon.colcon_core.shell:Creating package descriptor '/home/sofiadeck/learning_ros_ws/learning_nodes/install/learning_nodes/share/learning_nodes/package.dsv'
[45.406s] INFO:colcon.colcon_core.shell:Creating package script '/home/sofiadeck/learning_ros_ws/learning_nodes/install/learning_nodes/share/learning_nodes/package.sh'
[45.407s] INFO:colcon.colcon_core.shell:Creating package script '/home/sofiadeck/learning_ros_ws/learning_nodes/install/learning_nodes/share/learning_nodes/package.bash'
[45.409s] INFO:colcon.colcon_core.shell:Creating package script '/home/sofiadeck/learning_ros_ws/learning_nodes/install/learning_nodes/share/learning_nodes/package.zsh'
[45.412s] Level 1:colcon.colcon_core.environment:create_file_with_runtime_dependencies(/home/sofiadeck/learning_ros_ws/learning_nodes/install/learning_nodes/share/colcon-core/packages/learning_nodes)
[45.413s] DEBUG:colcon.colcon_parallel_executor.executor.parallel:closing loop
[45.414s] DEBUG:colcon.colcon_parallel_executor.executor.parallel:loop closed
[45.415s] DEBUG:colcon.colcon_parallel_executor.executor.parallel:run_until_complete finished with '0'
[45.415s] DEBUG:colcon.colcon_core.event_reactor:joining thread
[45.416s] DEBUG:colcon.colcon_core.event_reactor:joined thread
[45.417s] INFO:colcon.colcon_core.shell:Creating prefix script '/home/sofiadeck/learning_ros_ws/learning_nodes/install/local_setup.ps1'
[45.421s] INFO:colcon.colcon_core.shell:Creating prefix util module '/home/sofiadeck/learning_ros_ws/learning_nodes/install/_local_setup_util_ps1.py'
[45.426s] INFO:colcon.colcon_core.shell:Creating prefix chain script '/home/sofiadeck/learning_ros_ws/learning_nodes/install/setup.ps1'
[45.431s] INFO:colcon.colcon_core.shell:Creating prefix script '/home/sofiadeck/learning_ros_ws/learning_nodes/install/local_setup.sh'
[45.434s] INFO:colcon.colcon_core.shell:Creating prefix util module '/home/sofiadeck/learning_ros_ws/learning_nodes/install/_local_setup_util_sh.py'
[45.437s] INFO:colcon.colcon_core.shell:Creating prefix chain script '/home/sofiadeck/learning_ros_ws/learning_nodes/install/setup.sh'
[45.441s] INFO:colcon.colcon_core.shell:Creating prefix script '/home/sofiadeck/learning_ros_ws/learning_nodes/install/local_setup.bash'
[45.443s] INFO:colcon.colcon_core.shell:Creating prefix chain script '/home/sofiadeck/learning_ros_ws/learning_nodes/install/setup.bash'
[45.447s] INFO:colcon.colcon_core.shell:Creating prefix script '/home/sofiadeck/learning_ros_ws/learning_nodes/install/local_setup.zsh'
[45.450s] INFO:colcon.colcon_core.shell:Creating prefix chain script '/home/sofiadeck/learning_ros_ws/learning_nodes/install/setup.zsh'
